2 3 5 3 
00111001000000000000000000000000
00111001011000000000000000000000
00111001010000000000000000101100
00111010000000000000000000101000
10000001010010100000000000000000
00111001010010101111111111111111
00111001001000000000000000000000
01111111101010010101000000000000
01001100000111000000000101100010
01111111101000000000000000000000
01001100000111100000000100010010
01111101100010110110001000010100
10000001100011000000000000000000
01111101000010000110001000010100
00111001001010010000000000000001
01111111101000000000000000000000
01001100000111100000000001110010
00111001111000000000000000000000
01111101111010010100101000010100
01111101100011110111101000010100
01111111101000000000000000000000
01001100000111100000000010110010
00111000101010000000000000000000
10010000101100000000000000000000
array 0000000000000000 01 00000000000000000000000000001010 00000000000000000000000000000001 00000000000000000000000000000010 00000000000000000000000000000011 00000000000000000000000000000100 00000000000000000000000000000101 00000000000000000000000000000110 00000000000000000000000000000111 00000000000000000000000000001000 00000000000000000000000000001001 00000000000000000000000000001010 
sum 0000000000101000 01 00000000000000000000000000000001 00000000000000000000000000000000 
length 0000000000101100 01 00000000000000000000000000000001 00000000000000000000000000001010 
main 0000000000000000
loop 0000000000011100
return 0000000000101100
mul 0000000001000100
exit 0000000001011000
array 0000000000000000
sum 0000000000101000
length 0000000000101100
